#
# A fatal error has been detected by the Java Runtime Environment:
#
#  EXCEPTION_ACCESS_VIOLATION (0xc0000005) at pc=0x000000000719673b, pid=5648, tid=3140
#
# JRE version: OpenJDK Runtime Environment (7.0-b01) (build 1.7.0-u40-unofficial-b1)
# Java VM: OpenJDK 64-Bit Server VM (24.0-b50 mixed mode windows-amd64 compressed oops)
# Problematic frame:
# V  [jvm.dll+0xb673b]
#
# Failed to write core dump. Minidumps are not enabled by default on client versions of Windows
#
# If you would like to submit a bug report, please include
# instructions on how to reproduce the bug and visit:
#   http://icedtea.classpath.org/bugzilla
#

---------------  T H R E A D  ---------------

Current thread (0x0000000005509000):  JavaThread "JDWP Transport Listener: dt_socket" daemon [_thread_in_vm, id=3140, stack(0x0000000013c70000,0x0000000013d70000)]

siginfo: ExceptionCode=0xc0000005, reading address 0x0000000000000012

Registers:
RAX=0x0000000000000010, RBX=0x000000000000000c, RCX=0x0000000000000008, RDX=0x0000000000000000
RSP=0x0000000013d6ee18, RBP=0x0000000013d6ee68, RSI=0x0000000739755670, RDI=0x0000000000000011
R8 =0x0000000000000000, R9 =0x0000000000000001, R10=0x0000000000000010, R11=0x0000000000000000
R12=0x0000000000000001, R13=0x0000000000000001, R14=0x0000000013d6ef50, R15=0x000000000000004e
RIP=0x000000000719673b, EFLAGS=0x0000000000010202

Top of Stack: (sp=0x0000000013d6ee18)
0x0000000013d6ee18:   000000000719ae12 00000000021cdce8
0x0000000013d6ee28:   000000070000004c 00000000021cdce8
0x0000000013d6ee38:   000000000000004c 0000000005509000
0x0000000013d6ee48:   00000007c22a1648 000000000000002a
0x0000000013d6ee58:   0000000004052531 0000000000000538
0x0000000013d6ee68:   00000000000000a0 0000000005509000
0x0000000013d6ee78:   000000000000004e 0000000013d6ef08
0x0000000013d6ee88:   000000000725234e 00000000021cdcb8
0x0000000013d6ee98:   000000070000004e 00000000021cdce8
0x0000000013d6eea8:   000000000000004e 0000000005509000
0x0000000013d6eeb8:   0000000005509000 00000000056146d1
0x0000000013d6eec8:   00000000021cdc20 0000000000000000
0x0000000013d6eed8:   0000000005854ed0 0000000005509000
0x0000000013d6eee8:   000000000550ed60 00000000021cdcc0
0x0000000013d6eef8:   0000000000000000 00000000021cdcb8
0x0000000013d6ef08:   0000000013d6f400 0000000013d6ef89 

Instructions: (pc=0x000000000719673b)
0x000000000719671b:   c2 0f 45 c3 4c 63 c2 83 c0 0b 48 98 48 83 e0 f8
0x000000000719672b:   48 c1 e8 03 45 84 c9 48 98 49 8d 0c 80 41 8b c2
0x000000000719673b:   41 0f b7 54 4b 02 0f 45 c3 83 c0 0b 48 98 48 83
0x000000000719674b:   e0 f8 48 c1 e8 03 48 98 49 8d 0c 80 8b c2 45 0f 


Register to memory mapping:

RAX=0x0000000000000010 is an unknown value
RBX=0x000000000000000c is an unknown value
RCX=0x0000000000000008 is an unknown value
RDX=0x0000000000000000 is an unknown value
RSP=0x0000000013d6ee18 is pointing into the stack for thread: 0x0000000005509000
RBP=0x0000000013d6ee68 is pointing into the stack for thread: 0x0000000005509000
RSI=0x0000000739755670 is an oop
{constant pool} 
 - klass: {other class}
 - holder: 0x00000007397564a0
 - cache: 0x0000000000000000
 -   1 :  : 'Main'
 -   2 :  : 'Main'
 -   3 :  : 'java/lang/Object'
 -   4 :  : 'java/lang/Object'
 -   5 :  : 'SourceFile'
 -   6 :  : 'Main.java'
 -   7 :  : 'cz/upol/vanusanik/paralang/runtime/PLModule'
 -   8 :  : 'cz/upol/vanusanik/paralang/runtime/PLModule'
 -   9 :  : 'java/io/Serializable'
 -  10 :  : 'java/io/Serializable'
 -  11 :  : 'cz/upol/vanusanik/paralang/plang/types/TypeOperations'
 -  12 :  : 'cz/upol/vanusanik/paralang/plang/types/TypeOperations'
 -  13 :  : 'binopbootstrap'
 -  14 :  : '(Ljava/lang/invoke/MethodHandles$Lookup;Ljava/lang/String;Ljava/lang/invoke/MethodType;)Ljava/lang/invoke/CallSite;'
 -  15 :  : name_index=13 signature_index=14
 -  16 :  : klass_index=12 name_and_type_index=15
 -  17 :  : ref_kind=6 ref_index=16
 -  18 :  : 'unopbootstrap'
 -  19 :  : name_index=18 signature_index=14
 -  20 :  : klass_index=12 name_and_type_index=19
 -  21 :  : ref_kind=6 ref_index=20
 -  22 :  : 'BootstrapMethods'
 -  23 :  : 'serialVersionUID'
 -  24 :  : 'J'
 -  25 :  : 3169869552490068200
 -  27 :  : 'ConstantValue'
 -  28 :  : '<init>'
 -  29 :  : '()V'
 -  30 :  : name_index=28 signature_index=29
 -  31 :  : klass_index=8 name_and_type_index=30
 -  32 :  : 'Code'
 -  33 :  : 'readResolve'
 -  34 :  : '()Ljava/lang/Object;'
 -  35 :  : 'cz/upol/vanusanik/paralang/runtime/PLRuntime'
 -  36 :  : 'cz/upol/vanusanik/paralang/runtime/PLRuntime'
 -  37 :  : 'getRuntime'
 -  38 :  : '()Lcz/upol/vanusanik/paralang/runtime/PLRuntime;'
 -  39 :  : name_index=37 signature_index=38
 -  40 :  : klass_index=36 name_and_type_index=39
 -  41 :  : "Main" {0xc33c68d8}
 -  42 :  : 'resolveModule'
 -  43 :  : '(Ljava/lang/String;)Lcz/upol/vanusanik/paralang/runtime/PLModule;'
 -  44 :  : name_index=42 signature_index=43
 -  45 :  : klass_index=36 name_and_type_index=44
 -  46 :  : 'init'
 -  47 :  : '()Lcz/upol/vanusanik/paralang/plang/PLangObject;'
 -  48 :  : 'cz/upol/vanusanik/paralang/plang/types/NoValue'
 -  49 :  : 'cz/upol/vanusanik/paralang/plang/types/NoValue'
 -  50 :  : 'NOVALUE'
 -  51 :  : 'Lcz/upol/vanusanik/paralang/plang/types/NoValue;'
 -  52 :  : name_index=50 signature_index=51
 -  53 :  : klass_index=49 name_and_type_index=52
 -  54 :  : 'run'
 -  55 :  : 'C:Development\diplo2\test\main.plang'
 -  56 :  : 'cz/upol/vanusanik/paralang/plang/types/Int'
 -  57 :  : 'cz/upol/vanusanik/paralang/plang/types/Int'
 -  58 :  : '(I)V'
 -  59 :  : name_index=28 signature_index=58
 -  60 :  : klass_index=57 name_and_type_index=59
 -  61 :  : 'cz/upol/vanusanik/paralang/plang/types/BooleanValue'
 -  62 :  : 'cz/upol/vanusanik/paralang/plang/types/BooleanValue'
 -  63 :  : 'TRUE'
 -  64 :  : 'Lcz/upol/vanusanik/paralang/plang/types/BooleanValue;'
 -  65 :  : name_index=63 signature_index=64
 -  66 :  : klass_index=62 name_and_type_index=65
 -  67 :  : 'convertToBoolean'
 -  68 :  : '(Lcz/upol/vanusanik/paralang/plang/PLangObject;)Z'
 -  69 :  : name_index=67 signature_index=68
 -  70 :  : klass_index=12 name_and_type_index=69
 -  71 :  : 'lplusplus'
 -  72 :  : '(Lcz/upol/vanusanik/paralang/plang/PLangObject;)Lcz/upol/vanusanik/paralang/plang/PLangObject;'
 -  73 :  : name_index=71 signature_index=72
 -  74 :  : klass_index=12 name_and_type_index=73
 -  75 :  : 'more'
 -  76 :  : '(Lcz/upol/vanusanik/paralang/plang/PLangObject;Lcz/upol/vanusanik/paralang/plang/PLangObject;)Lcz/upol/vanusanik/paralang/plang/PLangObject;'
 -  77 :  : name_index=75 signature_index=76
 -  78 :  : bootstrap_method_index=17 name_and_type_index=77
 -  79 :  : 'cz/upol/vanusanik/paralang/runtime/BaseCompiledStub'
 -  80 :  : 'cz/upol/vanusanik/paralang/runtime/BaseCompiledStub'
 -  81 :  : '___get_runtime'
 -  82 :  : name_index=81 signature_index=38
 -  83 :  : klass_index=80 name_and_type_index=82
 -  84 :  : 'System.BaseException'
 -  85 :  : "System.BaseException" {0xc114c4a8}
 -  86 :  : 'cz/upol/vanusanik/paralang/plang/PLangObject'
 -  87 :  : 'cz/upol/vanusanik/paralang/plang/PLangObject'
 -  88 :  : 'cz/upol/vanusanik/paralang/plang/types/Str'
 -  89 :  : 'cz/upol/vanusanik/paralang/plang/types/Str'
 -  90 :  : 'Ball'
 -  91 :  : "Ball" {0xc114c4f8}
 -  92 :  : '(Ljava/lang/String;)V'
 -  93 :  : name_index=28 signature_index=92
 -  94 :  : klass_index=89 name_and_type_index=93
 -  95 :  : 'newInstance'
 -  96 :  : '(Ljava/lang/String;[Lcz/upol/vanusanik/paralang/plang/PLangObject;)Lcz/upol/vanusanik/paralang/runtime/PLClass;'
 -  97 :  : name_index=95 signature_index=96
 -  98 :  : klass_index=36 name_and_type_index=97
 -  99 :  : 'LineNumberTable'
 - 100 :  : 'StackMapTable'
 - 101 :  : 'calculate'
 - 102 :  : 'checkRestrictedAccess'
 - 103 :  : name_index=102 signature_index=29
 - 104 :  : klass_index=36 name_and_type_index=103
 - 105 :  : 'System'
 - 106 :  : "System" {0xc1630ce0}
 - 107 :  : 'getModule'
 - 108 :  : name_index=107 signature_index=43
 - 109 :  : klass_index=36 name_and_type_index=108
 - 110 :  : 'current_time'
 - 111 :  : "current_time" {0xc49685e0}
 - 112 :  : '___getkey'
 - 113 :  : '(Ljava/lang/String;)Lcz/upol/vanusanik/paralang/plang/PLangObject;'
 - 114 :  : name_index=112 signature_index=113
 - 115 :  : klass_index=80 name_and_type_index=114
 - 116 :  : '(Lcz/upol/vanusanik/paralang/plang/PLangObject;Lcz/upol/vanusanik/paralang/runtime/BaseCompiledStub;[Lcz/upol/vanusanik/paralang/plang/PLangObject;)Lcz/upol/vanusanik/paralang/plang/PLangObject;'
 - 117 :  : name_index=54 signature_index=116
 - 118 :  : klass_index=36 name_and_type_index=117
 - 119 :  : 'less'
 - 120 :  : name_index=119 signature_index=76
 - 121 :  : bootstrap_method_index=17 name_and_type_index=120
 - 122 :  : 'mod'
 - 123 :  : name_index=122 signature_index=76
 - 124 :  : bootstrap_method_index=17 name_and_type_index=123
 - 125 :  : 'eq'
 - 126 :  : name_index=125 signature_index=76
 - 127 :  : bootstrap_method_index=17 name_and_type_index=126
 - 128 :  : "run" {0xc23bfa48}
 - 129 :  : 'cz.upol.vanusanik.paralang.runtime.BaseException'
 - 130 :  : "cz.upol.vanusanik.paralang.runtime.BaseException" {0xc33517c0}
 - 131 :  : 'checkExceptionHierarchy'
 - 132 :  : '(Lcz/upol/vanusanik/paralang/plang/PLangObject;Ljava/lang/String;)Z'
 - 133 :  : name_index=131 signature_index=132
 - 134 :  : klass_index=36 name_and_type_index=133
 - 135 :  : 'plus'
 - 136 :  : name_index=135 signature_index=76
 - 137 :  : bootstrap_method_index=17 name_and_type_index=136
 - 138 :  : 'IO'
 - 139 :  : "IO" {0xc114c528}
 - 140 :  : 'out'
 - 141 :  : "out" {0xc114c558}
 - 142 :  : 'println'
 - 143 :  : "println" {0xc114c588}
 - 144 :  : 'minus'
 - 145 :  : name_index=144 signature_index=76
 - 146 :  : bootstrap_method_index=17 name_and_type_index=145
 - 147 :  : '___init_internal_datafields'
 - 148 :  : '(Lcz/upol/vanusanik/paralang/runtime/BaseCompiledStub;)V'
 - 149 :  : "calculate" {0xc33c7f98}
 - 150 :  : 'cz/upol/vanusanik/paralang/plang/types/FunctionWrapper'
 - 151 :  : 'cz/upol/vanusanik/paralang/plang/types/FunctionWrapper'
 - 152 :  : '(Ljava/lang/String;Lcz/upol/vanusanik/paralang/runtime/BaseCompiledStub;Z)V'
 - 153 :  : name_index=28 signature_index=152
 - 154 :  : klass_index=151 name_and_type_index=153
 - 155 :  : '___setkey'
 - 156 :  : '(Ljava/lang/String;Lcz/upol/vanusanik/paralang/plang/PLangObject;)V'
 - 157 :  : name_index=155 signature_index=156
 - 158 :  : klass_index=80 name_and_type_index=157
 - 159 :  : "init" {0xc22a1648}

RDI=0x0000000000000011 is an unknown value
R8 =0x0000000000000000 is an unknown value
R9 =0x0000000000000001 is an unknown value
R10=0x0000000000000010 is an unknown value
R11=0x0000000000000000 is an unknown value
R12=0x0000000000000001 is an unknown value
R13=0x0000000000000001 is an unknown value
R14=0x0000000013d6ef50 is pointing into the stack for thread: 0x0000000005509000
R15=0x000000000000004e is an unknown value


Stack: [0x0000000013c70000,0x0000000013d70000],  sp=0x0000000013d6ee18,  free space=1019k
Native frames: (J=compiled Java code, j=interpreted, Vv=VM code, C=native code)
V  [jvm.dll+0xb673b]


---------------  P R O C E S S  ---------------

Java Threads: ( => current thread )
  0x0000000014aea000 JavaThread "*** Profiler Agent Special Execution Thread 6" daemon [_thread_blocked, id=8240, stack(0x0000000015cf0000,0x0000000015df0000)]
  0x0000000014ada800 JavaThread "*** JFluid Monitor thread ***" daemon [_thread_blocked, id=8236, stack(0x0000000015960000,0x0000000015a60000)]
  0x0000000014ae5000 JavaThread "*** Profiler Agent Communication Thread" daemon [_thread_in_native, id=6644, stack(0x0000000015a80000,0x0000000015b80000)]
  0x000000000585f000 JavaThread "RMI TCP Connection(2)-169.254.123.120" daemon [_thread_in_native, id=7816, stack(0x00000000156d0000,0x00000000157d0000)]
  0x0000000005551800 JavaThread "JMX server connection timeout 18" daemon [_thread_blocked, id=1888, stack(0x0000000014770000,0x0000000014870000)]
  0x0000000005730000 JavaThread "RMI Scheduler(0)" daemon [_thread_blocked, id=3648, stack(0x0000000015490000,0x0000000015590000)]
  0x000000000572e800 JavaThread "RMI TCP Connection(1)-169.254.123.120" daemon [_thread_in_native, id=7820, stack(0x00000000152f0000,0x00000000153f0000)]
  0x00000000021b1000 JavaThread "RMI TCP Accept-0" daemon [_thread_in_native, id=1144, stack(0x0000000014990000,0x0000000014a90000)]
  0x000000000554a800 JavaThread "Service Thread" daemon [_thread_blocked, id=4484, stack(0x0000000014490000,0x0000000014590000)]
  0x000000000554a000 JavaThread "C1 CompilerThread3" daemon [_thread_blocked, id=2656, stack(0x0000000014270000,0x0000000014370000)]
  0x0000000005537000 JavaThread "C2 CompilerThread2" daemon [_thread_blocked, id=5760, stack(0x0000000014070000,0x0000000014170000)]
  0x0000000005530800 JavaThread "C2 CompilerThread1" daemon [_thread_blocked, id=2928, stack(0x0000000006d80000,0x0000000006e80000)]
  0x000000000552f800 JavaThread "C2 CompilerThread0" daemon [_thread_blocked, id=3228, stack(0x0000000006fc0000,0x00000000070c0000)]
  0x000000000551b800 JavaThread "JDWP Command Reader" daemon [_thread_in_native, id=7948, stack(0x0000000013f60000,0x0000000014060000)]
  0x0000000005518000 JavaThread "JDWP Event Helper Thread" daemon [_thread_blocked, id=7952, stack(0x0000000013d80000,0x0000000013e80000)]
=>0x0000000005509000 JavaThread "JDWP Transport Listener: dt_socket" daemon [_thread_in_vm, id=3140, stack(0x0000000013c70000,0x0000000013d70000)]
  0x0000000005502000 JavaThread "Attach Listener" daemon [_thread_blocked, id=7344, stack(0x00000000068d0000,0x00000000069d0000)]
  0x00000000054bd800 JavaThread "Signal Dispatcher" daemon [_thread_blocked, id=1076, stack(0x0000000006710000,0x0000000006810000)]
  0x000000000223b800 JavaThread "Finalizer" daemon [_thread_blocked, id=2024, stack(0x0000000006410000,0x0000000006510000)]
  0x000000000223a800 JavaThread "Reference Handler" daemon [_thread_blocked, id=4508, stack(0x0000000006550000,0x0000000006650000)]
  0x00000000021a8000 JavaThread "main" [_thread_blocked, id=2608, stack(0x0000000002250000,0x0000000002350000)]

Other Threads:
  0x000000000424b000 VMThread [stack: 0x0000000006310000,0x0000000006410000] [id=1268]
  0x0000000005553800 WatcherThread [stack: 0x00000000145f0000,0x00000000146f0000] [id=5256]

VM state:not at safepoint (normal execution)

VM Mutex/Monitor currently owned by a thread: None

Heap
 PSYoungGen      total 76800K, used 62231K [0x00000007c1000000, 0x00000007c6580000, 0x0000000800000000)
  eden space 66048K, 94% used [0x00000007c1000000,0x00000007c4cc5d70,0x00000007c5080000)
  from space 10752K, 0% used [0x00000007c5b00000,0x00000007c5b00000,0x00000007c6580000)
  to   space 10752K, 0% used [0x00000007c5080000,0x00000007c5080000,0x00000007c5b00000)
 ParOldGen       total 174080K, used 0K [0x0000000743000000, 0x000000074da00000, 0x00000007c1000000)
  object space 174080K, 0% used [0x0000000743000000,0x0000000743000000,0x000000074da00000)
 PSPermGen       total 21504K, used 13661K [0x0000000738a00000, 0x0000000739f00000, 0x0000000743000000)
  object space 21504K, 63% used [0x0000000738a00000,0x0000000739757408,0x0000000739f00000)

Card table byte_map: [0x00000000024d0000,0x0000000002b10000] byte_map_base: 0xfffffffffeb0b000

Polling page: 0x0000000001b50000

Code Cache  [0x0000000007870000, 0x0000000007ae0000, 0x000000000d870000)
 total_blobs=422 nmethods=64 adapters=285 free_code_cache=97179Kb largest_free_block=99512000

Compilation events (10 events):
Event: 0.109 Thread 0x000000000554a000   16       3       java.util.Arrays::copyOfRange (63 bytes)
Event: 0.109 Thread 0x000000000554a000 nmethod 16 0x0000000007968650 code [0x0000000007968860, 0x0000000007969398]
Event: 0.109 Thread 0x000000000554a000   19       1       java.util.concurrent.locks.AbstractQueuedSynchronizer::getState (5 bytes)
Event: 0.109 Thread 0x000000000554a000 nmethod 19 0x0000000007964610 code [0x0000000007964760, 0x00000000079648b0]
Event: 0.111 Thread 0x000000000554a000   20       1       java.nio.Buffer::position (5 bytes)
Event: 0.111 Thread 0x000000000554a000 nmethod 20 0x0000000007968350 code [0x00000000079684a0, 0x00000000079685f0]
Event: 0.111 Thread 0x000000000554a000   21       1       java.lang.Object::<init> (1 bytes)
Event: 0.111 Thread 0x000000000554a000 nmethod 21 0x0000000007968050 code [0x00000000079681a0, 0x00000000079682f0]
Event: 0.112 Thread 0x000000000554a000   23       3       java.lang.System::getSecurityManager (4 bytes)
Event: 0.112 Thread 0x000000000554a000 nmethod 23 0x0000000007967d10 code [0x0000000007967e60, 0x0000000007967fd0]

GC Heap History (0 events):
No events

Deoptimization events (0 events):
No events

Internal exceptions (10 events):
Event: 27.150 Thread 0x00000000021a8000 Threw 0x00000007c33c6a80 at C:\obf\openjdk\hotspot\src\share\vm\classfile\classFileError.cpp:34
Event: 27.154 Thread 0x00000000021a8000 Threw 0x00000007c33c85a8 at C:\obf\openjdk\hotspot\src\share\vm\prims\jvm.cpp:1244
Event: 27.163 Thread 0x00000000021a8000 Threw 0x00000007c33d7690 at C:\obf\openjdk\hotspot\src\share\vm\prims\jvm.cpp:1244
Event: 27.193 Thread 0x00000000021a8000 Threw 0x00000007c33e9088 at C:\obf\openjdk\hotspot\src\share\vm\prims\jvm.cpp:1244
Event: 27.378 Thread 0x00000000021a8000 Threw 0x00000007c4923898 at C:\obf\openjdk\hotspot\src\share\vm\prims\methodHandles.cpp:1050
Event: 27.402 Thread 0x00000000021a8000 Threw 0x00000007c4932b60 at C:\obf\openjdk\hotspot\src\share\vm\prims\methodHandles.cpp:1050
Event: 27.411 Thread 0x00000000021a8000 Threw 0x00000007c493a110 at C:\obf\openjdk\hotspot\src\share\vm\prims\methodHandles.cpp:1050
Event: 27.434 Thread 0x00000000021a8000 Threw 0x00000007c4948cb0 at C:\obf\openjdk\hotspot\src\share\vm\prims\jvm.cpp:1244
Event: 27.512 Thread 0x00000000021a8000 Threw 0x00000007c496ef00 at C:\obf\openjdk\hotspot\src\share\vm\prims\jvm.cpp:1244
Event: 27.564 Thread 0x00000000021a8000 Threw 0x00000007c49a5c48 at C:\obf\openjdk\hotspot\src\share\vm\prims\jvm.cpp:1244

Events (10 events):
Event: 32.066 Executing VM operation: FindDeadlocks
Event: 32.066 Executing VM operation: FindDeadlocks done
Event: 32.662 Executing VM operation: ThreadDump
Event: 32.662 Executing VM operation: ThreadDump done
Event: 33.688 Executing VM operation: ThreadDump
Event: 33.688 Executing VM operation: ThreadDump done
Event: 34.747 Executing VM operation: ThreadDump
Event: 34.747 Executing VM operation: ThreadDump done
Event: 35.699 Executing VM operation: ThreadDump
Event: 35.699 Executing VM operation: ThreadDump done


Dynamic libraries:
0x000000013f8a0000 - 0x000000013f8d1000 	C:\Java\openjdk-7\bin\javaw.exe
0x0000000077810000 - 0x00000000779b9000 	C:\Windows\SYSTEM32\ntdll.dll
0x00000000776f0000 - 0x000000007780f000 	C:\Windows\system32\kernel32.dll
0x000007fefd840000 - 0x000007fefd8ac000 	C:\Windows\system32\KERNELBASE.dll
0x000007feff470000 - 0x000007feff54b000 	C:\Windows\system32\ADVAPI32.dll
0x000007feff640000 - 0x000007feff6df000 	C:\Windows\system32\msvcrt.dll
0x000007fefddd0000 - 0x000007fefddef000 	C:\Windows\SYSTEM32\sechost.dll
0x000007fefde70000 - 0x000007fefdf9d000 	C:\Windows\system32\RPCRT4.dll
0x00000000775f0000 - 0x00000000776ea000 	C:\Windows\system32\USER32.dll
0x000007fefdca0000 - 0x000007fefdd07000 	C:\Windows\system32\GDI32.dll
0x000007feff630000 - 0x000007feff63e000 	C:\Windows\system32\LPK.dll
0x000007feffa50000 - 0x000007feffb19000 	C:\Windows\system32\USP10.dll
0x000007fefbe50000 - 0x000007fefc044000 	C:\Windows\WinSxS\amd64_microsoft.windows.common-controls_6595b64144ccf1df_6.0.7601.17514_none_fa396087175ac9ac\COMCTL32.dll
0x000007feff550000 - 0x000007feff5c1000 	C:\Windows\system32\SHLWAPI.dll
0x000007fefe270000 - 0x000007fefe29e000 	C:\Windows\system32\IMM32.DLL
0x000007fefda20000 - 0x000007fefdb29000 	C:\Windows\system32\MSCTF.dll
0x000007fefd5b0000 - 0x000007fefd5e1000 	C:\Windows\system32\nvinitx.dll
0x000007fefd5a0000 - 0x000007fefd5ac000 	C:\Windows\system32\VERSION.dll
0x000007fefd3d0000 - 0x000007fefd59d000 	C:\PROGRA~1\NVIDIA~1\NVSTRE~1\rxinput.dll
0x000007fefe2a0000 - 0x000007fefe4a3000 	C:\Windows\system32\ole32.dll
0x000007feff6e0000 - 0x000007feff7b7000 	C:\Windows\system32\OLEAUT32.dll
0x000007fefe4b0000 - 0x000007fefe687000 	C:\Windows\system32\SETUPAPI.dll
0x000007fefd7c0000 - 0x000007fefd7f6000 	C:\Windows\system32\CFGMGR32.dll
0x000007fefd800000 - 0x000007fefd81a000 	C:\Windows\system32\DEVOBJ.dll
0x000007fefe690000 - 0x000007feff418000 	C:\Windows\system32\SHELL32.dll
0x000007fefd390000 - 0x000007fefd3cb000 	C:\Windows\system32\WINMM.dll
0x00000000788a0000 - 0x0000000078971000 	C:\Java\openjdk-7\jre\bin\msvcr100.dll
0x00000000070e0000 - 0x0000000007864000 	C:\Java\openjdk-7\jre\bin\server\jvm.dll
0x000007feef950000 - 0x000007feef959000 	C:\Windows\system32\WSOCK32.dll
0x000007feff420000 - 0x000007feff46d000 	C:\Windows\system32\WS2_32.dll
0x000007fefdb30000 - 0x000007fefdb38000 	C:\Windows\system32\NSI.dll
0x00000000779d0000 - 0x00000000779d7000 	C:\Windows\system32\PSAPI.DLL
0x000007fefadb0000 - 0x000007fefadbf000 	C:\Java\openjdk-7\jre\bin\verify.dll
0x000007fefa7b0000 - 0x000007fefa7d8000 	C:\Java\openjdk-7\jre\bin\java.dll
0x000007fefa770000 - 0x000007fefa7a5000 	C:\Java\openjdk-7\jre\bin\jdwp.dll
0x000007fefadc0000 - 0x000007fefadc8000 	C:\Java\openjdk-7\jre\bin\npt.dll
0x000007fefad90000 - 0x000007fefada5000 	C:\Java\openjdk-7\jre\bin\zip.dll
0x000007fefaac0000 - 0x000007fefaac9000 	C:\Java\openjdk-7\jre\bin\dt_socket.dll
0x000007fefb280000 - 0x000007fefb295000 	C:\Windows\system32\NLAapi.dll
0x000007fef58d0000 - 0x000007fef58e5000 	C:\Windows\system32\napinsp.dll
0x000007fef58b0000 - 0x000007fef58c9000 	C:\Windows\system32\pnrpnsp.dll
0x000007fefcbc0000 - 0x000007fefcc15000 	C:\Windows\System32\mswsock.dll
0x000007fefca40000 - 0x000007fefca9b000 	C:\Windows\system32\DNSAPI.dll
0x000007fef58a0000 - 0x000007fef58ab000 	C:\Windows\System32\winrnr.dll
0x000000006cd80000 - 0x000000006cdae000 	C:\Program Files\Common Files\Microsoft Shared\Windows Live\WLIDNSP.DLL
0x000007fefad40000 - 0x000007fefad67000 	C:\Windows\system32\IPHLPAPI.DLL
0x000007fefad30000 - 0x000007fefad3b000 	C:\Windows\system32\WINNSI.DLL
0x000007fefac20000 - 0x000007fefac73000 	C:\Windows\System32\fwpuclnt.dll
0x000007fef66d0000 - 0x000007fef66d8000 	C:\Windows\system32\rasadhlp.dll
0x000007fefc5a0000 - 0x000007fefc5a7000 	C:\Windows\System32\wshtcpip.dll
0x000007fefcc20000 - 0x000007fefcc37000 	C:\Windows\system32\CRYPTSP.dll
0x000007fefc920000 - 0x000007fefc967000 	C:\Windows\system32\rsaenh.dll
0x000007fefc6d0000 - 0x000007fefc6ee000 	C:\Windows\system32\USERENV.dll
0x000007fefd5f0000 - 0x000007fefd5ff000 	C:\Windows\system32\profapi.dll
0x000007fefd2c0000 - 0x000007fefd2cf000 	C:\Windows\system32\CRYPTBASE.dll
0x000007fefa750000 - 0x000007fefa769000 	C:\Java\openjdk-7\jre\bin\net.dll
0x000007fefcbb0000 - 0x000007fefcbb7000 	C:\Windows\System32\wship6.dll
0x000007fefa660000 - 0x000007fefa671000 	C:\Java\openjdk-7\jre\bin\nio.dll
0x000007fef6800000 - 0x000007fef6823000 	C:\Java\openjdk-7\jre\bin\instrument.dll
0x000007fef6920000 - 0x000007fef692b000 	C:\Java\openjdk-7\jre\bin\management.dll
0x000007fefab50000 - 0x000007fefab61000 	C:\Windows\system32\dhcpcsvc6.DLL
0x000007fefaa90000 - 0x000007fefaaa8000 	C:\Windows\system32\dhcpcsvc.DLL
0x0000000070f70000 - 0x0000000070f7f000 	C:\Program Files\Java\jdk1.7.0_75\lib\visualvm\profiler\lib\deployed\jdk16\windows-amd64\profilerinterface.dll
0x000007fef0bf0000 - 0x000007fef0d15000 	C:\Windows\system32\dbghelp.dll

VM Arguments:
jvm_args: -agentlib:jdwp=transport=dt_socket,suspend=y,address=localhost:51767 -XX:+TieredCompilation -XX:+AggressiveOpts -Xmx3024m -Dfile.encoding=MS932 
java_command: cz.upol.vanusanik.paralang.cli.ParaLangCLI Main calculate -ia 5 5 -sd C:\Development\diplo2\test -n localhost:12345 -ks cacerts.jks -ksp 123456
Launcher Type: SUN_STANDARD

Environment Variables:
JAVA_HOME=C:\Java\openjdk-7
PATH=C:\Program Files (x86)\Common Files\Microsoft Shared\Windows Live;C:\Program Files (x86)\Intel\iCLS Client\;C:\Program Files\Intel\iCLS Client\;C:\Windows\system32;C:\Windows;C:\Windows\System32\Wbem;C:\Windows\System32\WindowsPowerShell\v1.0\;C:\Program Files\Intel\Intel(R) Management Engine Components\DAL;C:\Program Files\Intel\Intel(R) Management Engine Components\IPT;C:\Program Files (x86)\Intel\Intel(R) Management Engine Components\DAL;C:\Program Files (x86)\Intel\Intel(R) Management Engine Components\IPT;C:\MinGW64\bin;C:\Program Files (x86)\CMake 2.8\bin;C:\Program Files (x86)\Microsoft SQL Server\100\Tools\Binn\;C:\Program Files\Microsoft SQL Server\100\Tools\Binn\;C:\Program Files\Microsoft SQL Server\100\DTS\Binn\;C:\Program Files\Microsoft SQL Server\110\Tools\Binn\;C:\Program Files\TortoiseSVN\bin;C:\Program Files (x86)\Windows Kits\8.1\Windows Performance Toolkit\;C:\Program Files (x86)\GTK2-Runtime\bin;C:\Program Files (x86)\Git\cmd;C:\Program Files (x86)\Git\bin;C:\Program Files (x86)\Steel Bank Common Lisp\1.1.12\;C:\Program Files (x86)\NVIDIA Corporation\PhysX\Common;C:\Development\eclipse\plugins\sbcl_win32_1.0.20\sbcl\;C:\Program Files\Common Files\Microsoft Shared\Windows Live;C:\Java\openjdk-7\bin;C:\Java\openjdk-7\jre\bin;C:\GnuWin32\bin;;C:\Program Files (x86)\Scrivener;C:\Program Files (x86)\Scrivener\Aspell;C:\Program Files (x86)\Scrivener\Aspell\bin;C:\Program Files (x86)\newlisp;C:\Python27;C:\Program Files (x86)\Microsoft Visual Studio 12.0\VC;D:\imagemagic;C:\cc65;C:\cc65\bin;C:\cc65\include;C:\cc65\asminc;
USERNAME=Enerccio
OS=Windows_NT
PROCESSOR_IDENTIFIER=Intel64 Family 6 Model 60 Stepping 3, GenuineIntel



---------------  S Y S T E M  ---------------

OS: Windows 7 , 64 bit Build 7601 Service Pack 1

CPU:total 8 (4 cores per cpu, 2 threads per core) family 6 model 60 stepping 3, cmov, cx8, fxsr, mmx, sse, sse2, sse3, ssse3, sse4.1, sse4.2, popcnt, avx, avx2, aes, erms, ht, tsc, tscinvbit

Memory: 4k page, physical 16721080k(12339772k free), swap 20913532k(15438416k free)

vm_info: OpenJDK 64-Bit Server VM (24.0-b50) for windows-amd64 JRE (1.7.0-u40-unofficial-b1), built on Aug 15 2013 16:35:14 by "" with unknown MS VC++:1600

time: Tue Apr 21 12:45:37 2015
elapsed time: 36 seconds

